2017-08-02 09:37:08,254-[HL] ERROR main org.hibernate.tool.hbm2ddl.SchemaUpdate - HHH000388: Unsuccessful: create table db_newrmov_log.cp_arfbrc (C_ID bigint not null auto_increment, C_NAME varchar(255), C_TARGETID bigint, C_TARGETTYPE varchar(255), C_MAID bigint, T_NL varchar(255), R_NL varchar(255), T_NN integer, S_NN integer, R_LOG_ID bigint, primary key (C_ID)) ENGINE=InnoDB
2017-08-02 09:37:08,254-[HL] ERROR main org.hibernate.tool.hbm2ddl.SchemaUpdate - Unknown database 'db_newrmov_log'
2017-08-02 09:37:08,254-[HL] ERROR main org.hibernate.tool.hbm2ddl.SchemaUpdate - HHH000388: Unsuccessful: create table db_newrmov_log.cp_arsc (C_ID bigint not null auto_increment, C_NAME varchar(255), C_TARGETID bigint, C_TARGETTYPE varchar(255), C_MAID bigint, C_ADRURALISDEL boolean, T_AROI bigint, S_AROI bigint, C_ISNEWADDADRURAL boolean, R_LOG_ID bigint, T_RP bigint, S_RP bigint, primary key (C_ID)) ENGINE=InnoDB
2017-08-02 09:37:08,254-[HL] ERROR main org.hibernate.tool.hbm2ddl.SchemaUpdate - Unknown database 'db_newrmov_log'
2017-08-02 09:37:08,254-[HL] ERROR main org.hibernate.tool.hbm2ddl.SchemaUpdate - HHH000388: Unsuccessful: create table db_newrmov_log.cp_cap (C_ID bigint not null auto_increment, C_NAME varchar(255), S_FUNDS0 double precision, S_FUNDS1 double precision, S_FUNDS2 double precision, S_FUNDS3 double precision, S_FUNDS4 double precision, S_FUNDS5 double precision, S_TOTALFUNDS double precision, T_FUNDS0 double precision, T_FUNDS1 double precision, T_FUNDS2 double precision, T_FUNDS3 double precision, T_FUNDS4 double precision, T_FUNDS5 double precision, T_TOTALFUNDS double precision, C_TARGETID bigint, C_TARGETTYPE varchar(255), R_LOG_ID bigint, primary key (C_ID)) ENGINE=InnoDB
2017-08-02 09:37:08,254-[HL] ERROR main org.hibernate.tool.hbm2ddl.SchemaUpdate - Unknown database 'db_newrmov_log'
2017-08-02 09:37:08,254-[HL] ERROR main org.hibernate.tool.hbm2ddl.SchemaUpdate - HHH000388: Unsuccessful: create table db_newrmov_log.cp_dpric (C_ID bigint not null auto_increment, C_NAME varchar(255), C_TARGETID bigint, C_TARGETTYPE varchar(255), C_EXITREASON varchar(255), C_CITYFUNDS double precision, C_COUNTYFUNDS double precision, C_LOCALFUNDS double precision, C_MASSFUNDS double precision, C_OTHERFUNDS double precision, C_PROVINCEFUNDS double precision, C_SOCIALFUNDS double precision, C_SPECIALFUNDS double precision, C_STATEFUNDS double precision, C_TOTALFUNDS double precision, C_LABOURCOUNT integer, C_PROJECTSTATUS integer, C_SPEND double precision, R_LOG_ID bigint, R_PROJECT_ID bigint, R_REPORT_ID bigint, R_STATUSCHANGE_ID bigint, primary key (C_ID)) ENGINE=InnoDB
2017-08-02 09:37:08,254-[HL] ERROR main org.hibernate.tool.hbm2ddl.SchemaUpdate - Unknown database 'db_newrmov_log'
2017-08-02 09:37:08,254-[HL] ERROR main org.hibernate.tool.hbm2ddl.SchemaUpdate - HHH000388: Unsuccessful: create table db_newrmov_log.cp_dpsic (C_ID bigint not null auto_increment, C_NAME varchar(255), C_TARGETID bigint, C_TARGETTYPE varchar(255), C_MAID bigint, S_CITY double precision, S_COUNTY double precision, S_LOCAL double precision, S_MASS double precision, S_OTHER double precision, S_PROVINCE double precision, S_SOCIAL double precision, S_SPECIAL double precision, S_STATE double precision, S_TOTAL double precision, T_CITY double precision, T_COUNTY double precision, T_LOCAL double precision, T_MASS double precision, T_OTHER double precision, T_PROVINCE double precision, T_SOCIAL double precision, T_SPECIAL double precision, T_STATE double precision, T_TOTAL double precision, SOU_CITY double precision, SOU_COUNTY double precision, SOU_LOCAL double precision, SOU_MASS double precision, SOU_OTHER double precision, SOU_PROVINCE double precision, SOU_SOCIAL double precision, SOU_SPECIAL double precision, SOU_STATE double precision, SOU_TOTAL double precision, R_LOG_ID bigint, primary key (C_ID)) ENGINE=InnoDB
2017-08-02 09:37:08,254-[HL] ERROR main org.hibernate.tool.hbm2ddl.SchemaUpdate - Unknown database 'db_newrmov_log'
2017-08-02 09:37:08,254-[HL] ERROR main org.hibernate.tool.hbm2ddl.SchemaUpdate - HHH000388: Unsuccessful: create table db_newrmov_log.cp_ehc (C_ID bigint not null auto_increment, C_NAME varchar(255), C_TARGETID bigint, C_TARGETTYPE varchar(255), T_ASH integer, S_ASH integer, T_ASP integer, S_ASP integer, T_MSH integer, S_MSH integer, T_MSP integer, S_MSP integer, R_LOG_ID bigint, primary key (C_ID)) ENGINE=InnoDB
2017-08-02 09:37:08,270-[HL] ERROR main org.hibernate.tool.hbm2ddl.SchemaUpdate - Unknown database 'db_newrmov_log'
2017-08-02 09:37:08,270-[HL] ERROR main org.hibernate.tool.hbm2ddl.SchemaUpdate - HHH000388: Unsuccessful: create table db_newrmov_log.cp_maic (C_ID bigint not null auto_increment, C_NAME varchar(255), C_TARGETID bigint, C_TARGETTYPE varchar(255), S_CITY double precision, S_COUNTY double precision, S_LOCAL double precision, S_MASS double precision, S_OTHER double precision, S_PROVINCE double precision, S_SOCIAL double precision, S_SPECIAL double precision, S_STATE double precision, S_TOTAL double precision, T_CITY double precision, T_COUNTY double precision, T_LOCAL double precision, T_MASS double precision, T_OTHER double precision, T_PROVINCE double precision, T_SOCIAL double precision, T_SPECIAL double precision, T_STATE double precision, T_TOTAL double precision, R_LOG_ID bigint, primary key (C_ID)) ENGINE=InnoDB
2017-08-02 09:37:08,270-[HL] ERROR main org.hibernate.tool.hbm2ddl.SchemaUpdate - Unknown database 'db_newrmov_log'
2017-08-02 09:37:08,270-[HL] ERROR main org.hibernate.tool.hbm2ddl.SchemaUpdate - HHH000388: Unsuccessful: create table db_newrmov_log.cp_maq (C_ID bigint not null auto_increment, C_MAID bigint, C_NAME varchar(255), S_NF1 integer, S_NF2 integer, S_NF3 integer, S_NF4 integer, S_NF5 integer, S_NF6 integer, S_NF7 integer, S_NF8 integer, S_NF9 integer, T_NF1 integer, T_NF2 integer, T_NF3 integer, T_NF4 integer, T_NF5 integer, T_NF6 integer, T_NF7 integer, T_NF8 integer, T_NF9 integer, C_STATUS integer, C_TARGETID bigint, C_TARGETTYPE varchar(255), R_LOG_ID bigint, primary key (C_ID)) ENGINE=InnoDB
2017-08-02 09:37:08,270-[HL] ERROR main org.hibernate.tool.hbm2ddl.SchemaUpdate - Unknown database 'db_newrmov_log'
2017-08-02 09:37:08,270-[HL] ERROR main org.hibernate.tool.hbm2ddl.SchemaUpdate - HHH000388: Unsuccessful: create table db_newrmov_log.cp_nrsc (C_ID bigint not null auto_increment, C_NAME varchar(255), C_TARGETID bigint, C_TARGETTYPE varchar(255), C_MAID bigint, T_NRPI bigint, S_NRPI bigint, R_LOG_ID bigint, T_RP bigint, S_RP bigint, T_AR bigint, S_AR bigint, primary key (C_ID)) ENGINE=InnoDB
2017-08-02 09:37:08,270-[HL] ERROR main org.hibernate.tool.hbm2ddl.SchemaUpdate - Unknown database 'db_newrmov_log'
2017-08-02 09:37:08,270-[HL] ERROR main org.hibernate.tool.hbm2ddl.SchemaUpdate - HHH000388: Unsuccessful: create table db_newrmov_log.cp_pmc (C_ID bigint not null auto_increment, C_NAME varchar(255), C_TARGETID bigint, C_TARGETTYPE varchar(255), S_CITY double precision, S_COUNTY double precision, S_LOCAL double precision, S_MASS double precision, S_OTHER double precision, S_PROVINCE double precision, S_SOCIAL double precision, S_SPECIAL double precision, S_STATE double precision, S_TOTAL double precision, T_CITY double precision, T_COUNTY double precision, T_LOCAL double precision, T_MASS double precision, T_OTHER double precision, T_PROVINCE double precision, T_SOCIAL double precision, T_SPECIAL double precision, T_STATE double precision, T_TOTAL double precision, T_LC integer, S_LC integer, T_S double precision, S_S double precision, R_LOG_ID bigint, primary key (C_ID)) ENGINE=InnoDB
2017-08-02 09:37:08,270-[HL] ERROR main org.hibernate.tool.hbm2ddl.SchemaUpdate - Unknown database 'db_newrmov_log'
2017-08-02 09:37:08,270-[HL] ERROR main org.hibernate.tool.hbm2ddl.SchemaUpdate - HHH000388: Unsuccessful: create table db_newrmov_log.cp_prc (C_ID bigint not null auto_increment, C_NAME varchar(255), C_TARGETID bigint, C_TARGETTYPE varchar(255), C_ANNUAL integer, C_BACK integer, C_BACKAT datetime, C_FINISHCOUNT integer, C_CITYFUNDS double precision, C_COUNTYFUNDS double precision, C_LOCALFUNDS double precision, C_MASSFUNDS double precision, C_OTHERFUNDS double precision, C_PROVINCEFUNDS double precision, C_SOCIALFUNDS double precision, C_SPECIALFUNDS double precision, C_STATEFUNDS double precision, C_TOTALFUNDS double precision, C_LABOURCOUNT integer, C_PERIOD integer, C_SPEND double precision, C_STATUS integer, C_STOPCOUNT integer, C_SUBMITAT datetime, C_TOTALCOUNT integer, C_TYPE integer, C_ZEROCOUNT integer, R_LOG_ID bigint, R_MODELAREA_ID bigint, primary key (C_ID)) ENGINE=InnoDB
2017-08-02 09:37:08,270-[HL] ERROR main org.hibernate.tool.hbm2ddl.SchemaUpdate - Unknown database 'db_newrmov_log'
2017-08-02 09:37:08,270-[HL] ERROR main org.hibernate.tool.hbm2ddl.SchemaUpdate - HHH000388: Unsuccessful: create table db_newrmov_log.cp_pric (C_ID bigint not null auto_increment, C_NAME varchar(255), C_TARGETID bigint, C_TARGETTYPE varchar(255), S_CITY double precision, S_COUNTY double precision, S_LOCAL double precision, S_MASS double precision, S_OTHER double precision, S_PROVINCE double precision, S_SOCIAL double precision, S_SPECIAL double precision, S_STATE double precision, S_TOTAL double precision, T_CITY double precision, T_COUNTY double precision, T_LOCAL double precision, T_MASS double precision, T_OTHER double precision, T_PROVINCE double precision, T_SOCIAL double precision, T_SPECIAL double precision, T_STATE double precision, T_TOTAL double precision, T_LABOURCOUNT integer, T_SPEND double precision, S_LABOURCOUNT integer, S_SPEND double precision, R_LOG_ID bigint, primary key (C_ID)) ENGINE=InnoDB
2017-08-02 09:37:08,270-[HL] ERROR main org.hibernate.tool.hbm2ddl.SchemaUpdate - Unknown database 'db_newrmov_log'
2017-08-02 09:37:08,270-[HL] ERROR main org.hibernate.tool.hbm2ddl.SchemaUpdate - HHH000388: Unsuccessful: create table db_newrmov_log.cp_pro (C_ID bigint not null auto_increment, C_NAME varchar(255), C_TARGETID bigint, C_TARGETTYPE varchar(255), S_CITY double precision, S_COUNTY double precision, S_LOCAL double precision, S_MASS double precision, S_OTHER double precision, S_PROVINCE double precision, S_SOCIAL double precision, S_SPECIAL double precision, S_STATE double precision, S_TOTAL double precision, S_LABOURCOUNT integer, S_SPEND double precision, T_CITY double precision, T_COUNTY double precision, T_LOCAL double precision, T_MASS double precision, T_OTHER double precision, T_PROVINCE double precision, T_SOCIAL double precision, T_SPECIAL double precision, T_STATE double precision, T_TOTAL double precision, T_LABOURCOUNT integer, T_SPEND double precision, R_LOG_ID bigint, primary key (C_ID)) ENGINE=InnoDB
2017-08-02 09:37:08,270-[HL] ERROR main org.hibernate.tool.hbm2ddl.SchemaUpdate - Unknown database 'db_newrmov_log'
2017-08-02 09:37:08,270-[HL] ERROR main org.hibernate.tool.hbm2ddl.SchemaUpdate - HHH000388: Unsuccessful: create table db_newrmov_log.cp_regc (C_ID bigint not null auto_increment, C_NAME varchar(255), C_TARGETID bigint, C_TARGETTYPE varchar(255), C_UNITJOB varchar(255), C_EXPERTNAME varchar(255), C_PHONE varchar(255), C_REMARK varchar(255), R_LOG_ID bigint, R_ADMINRURAL_ID bigint, R_NEWRURAL_ID bigint, primary key (C_ID)) ENGINE=InnoDB
2017-08-02 09:37:08,270-[HL] ERROR main org.hibernate.tool.hbm2ddl.SchemaUpdate - Unknown database 'db_newrmov_log'
2017-08-02 09:37:08,286-[HL] ERROR main org.hibernate.tool.hbm2ddl.SchemaUpdate - HHH000388: Unsuccessful: create table db_newrmov_log.cp_ruc (C_ID bigint not null auto_increment, C_NAME varchar(255), C_TARGETID bigint, C_TARGETTYPE varchar(255), C_CONTACTNAME varchar(255), C_REGADDRESS varchar(255), C_UNITNAME varchar(255), C_PHONE varchar(255), R_LOG_ID bigint, R_ADMINRURAL_ID bigint, R_NEWRURAL_ID bigint, primary key (C_ID)) ENGINE=InnoDB
2017-08-02 09:37:08,286-[HL] ERROR main org.hibernate.tool.hbm2ddl.SchemaUpdate - Unknown database 'db_newrmov_log'
2017-08-02 09:37:08,286-[HL] ERROR main org.hibernate.tool.hbm2ddl.SchemaUpdate - HHH000388: Unsuccessful: create table db_newrmov_log.cp_rwgc (C_ID bigint not null auto_increment, C_NAME varchar(255), C_TARGETID bigint, C_TARGETTYPE varchar(255), C_UNITJOB varchar(255), C_WORKNAME varchar(255), C_PHONE varchar(255), C_REMARK varchar(255), R_LOG_ID bigint, R_ADMINRURAL_ID bigint, R_NEWRURAL_ID bigint, primary key (C_ID)) ENGINE=InnoDB
2017-08-02 09:37:08,286-[HL] ERROR main org.hibernate.tool.hbm2ddl.SchemaUpdate - Unknown database 'db_newrmov_log'
2017-08-02 09:37:08,286-[HL] ERROR main org.hibernate.tool.hbm2ddl.SchemaUpdate - HHH000388: Unsuccessful: create table db_newrmov_log.cp_ss (C_ID bigint not null auto_increment, C_NAME varchar(255), S_AH integer, S_AP integer, S_CT integer, S_HB integer, S_LCC integer, S_NV integer, S_RSD integer, S_ST integer, S_SPCVGB integer, S_TW integer, S_US integer, S_VC integer, S_VP integer, S_VR integer, S_VRC integer, T_AH integer, T_AP integer, T_CT integer, T_HB integer, T_LCC integer, T_NV integer, T_RSD integer, T_ST integer, T_SPCVGB integer, T_TW integer, T_US integer, T_VC integer, T_VP integer, T_VR integer, T_VRC integer, C_TARGETID bigint, C_TARGETTYPE varchar(255), R_LOG_ID bigint, primary key (C_ID)) ENGINE=InnoDB
2017-08-02 09:37:08,286-[HL] ERROR main org.hibernate.tool.hbm2ddl.SchemaUpdate - Unknown database 'db_newrmov_log'
2017-08-02 09:37:08,286-[HL] ERROR main org.hibernate.tool.hbm2ddl.SchemaUpdate - HHH000388: Unsuccessful: create table db_newrmov_log.log_hl (C_ID bigint not null auto_increment, C_CONTENT varchar(255), C_CREATEAT datetime not null, C_CREATORID bigint, C_OWNERID bigint, C_USERNAME varchar(255), C_TARGETID bigint, C_TARGETTYPE varchar(255), primary key (C_ID)) ENGINE=InnoDB
2017-08-02 09:37:08,286-[HL] ERROR main org.hibernate.tool.hbm2ddl.SchemaUpdate - Unknown database 'db_newrmov_log'
2017-08-02 09:37:08,286-[HL] ERROR main org.hibernate.tool.hbm2ddl.SchemaUpdate - HHH000388: Unsuccessful: alter table db_newrmov_log.cp_arfbrc add index FK1666F3B0A463E7B2 (R_LOG_ID), add constraint FK1666F3B0A463E7B2 foreign key (R_LOG_ID) references db_newrmov_log.log_hl (C_ID)
2017-08-02 09:37:08,286-[HL] ERROR main org.hibernate.tool.hbm2ddl.SchemaUpdate - Table 'db_newrmov_log.cp_arfbrc' doesn't exist
2017-08-02 09:37:08,286-[HL] ERROR main org.hibernate.tool.hbm2ddl.SchemaUpdate - HHH000388: Unsuccessful: alter table db_newrmov_log.cp_arsc add index FK39903AD3A463E7B2 (R_LOG_ID), add constraint FK39903AD3A463E7B2 foreign key (R_LOG_ID) references db_newrmov_log.log_hl (C_ID)
2017-08-02 09:37:08,286-[HL] ERROR main org.hibernate.tool.hbm2ddl.SchemaUpdate - Table 'db_newrmov_log.cp_arsc' doesn't exist
2017-08-02 09:37:08,286-[HL] ERROR main org.hibernate.tool.hbm2ddl.SchemaUpdate - HHH000388: Unsuccessful: alter table db_newrmov_log.cp_arsc add index FK39903AD3AC759FB6 (T_RP), add constraint FK39903AD3AC759FB6 foreign key (T_RP) references db_newrmov_log.t_place (C_ID)
2017-08-02 09:37:08,286-[HL] ERROR main org.hibernate.tool.hbm2ddl.SchemaUpdate - Table 'db_newrmov_log.cp_arsc' doesn't exist
2017-08-02 09:37:08,286-[HL] ERROR main org.hibernate.tool.hbm2ddl.SchemaUpdate - HHH000388: Unsuccessful: alter table db_newrmov_log.cp_arsc add index FK39903AD3AC752B57 (S_RP), add constraint FK39903AD3AC752B57 foreign key (S_RP) references db_newrmov_log.t_place (C_ID)
2017-08-02 09:37:08,286-[HL] ERROR main org.hibernate.tool.hbm2ddl.SchemaUpdate - Table 'db_newrmov_log.cp_arsc' doesn't exist
2017-08-02 09:37:08,286-[HL] ERROR main org.hibernate.tool.hbm2ddl.SchemaUpdate - HHH000388: Unsuccessful: alter table db_newrmov_log.cp_cap add index FKAF46BD00A463E7B2 (R_LOG_ID), add constraint FKAF46BD00A463E7B2 foreign key (R_LOG_ID) references db_newrmov_log.log_hl (C_ID)
2017-08-02 09:37:08,286-[HL] ERROR main org.hibernate.tool.hbm2ddl.SchemaUpdate - Table 'db_newrmov_log.cp_cap' doesn't exist
2017-08-02 09:37:08,286-[HL] ERROR main org.hibernate.tool.hbm2ddl.SchemaUpdate - HHH000388: Unsuccessful: alter table db_newrmov_log.cp_dpric add index FKF8A07AAEA463E7B2 (R_LOG_ID), add constraint FKF8A07AAEA463E7B2 foreign key (R_LOG_ID) references db_newrmov_log.log_hl (C_ID)
2017-08-02 09:37:08,286-[HL] ERROR main org.hibernate.tool.hbm2ddl.SchemaUpdate - Table 'db_newrmov_log.cp_dpric' doesn't exist
2017-08-02 09:37:08,286-[HL] ERROR main org.hibernate.tool.hbm2ddl.SchemaUpdate - HHH000388: Unsuccessful: alter table db_newrmov_log.cp_dpric add index FKF8A07AAE478D9E5B (R_PROJECT_ID), add constraint FKF8A07AAE478D9E5B foreign key (R_PROJECT_ID) references db_newrmov_log.t_project (C_ID)
2017-08-02 09:37:08,286-[HL] ERROR main org.hibernate.tool.hbm2ddl.SchemaUpdate - Table 'db_newrmov_log.cp_dpric' doesn't exist
2017-08-02 09:37:08,286-[HL] ERROR main org.hibernate.tool.hbm2ddl.SchemaUpdate - HHH000388: Unsuccessful: alter table db_newrmov_log.cp_dpric add index FKF8A07AAE6E00AFBA (R_REPORT_ID), add constraint FKF8A07AAE6E00AFBA foreign key (R_REPORT_ID) references db_newrmov_log.t_projectreport (C_ID)
2017-08-02 09:37:08,286-[HL] ERROR main org.hibernate.tool.hbm2ddl.SchemaUpdate - Table 'db_newrmov_log.cp_dpric' doesn't exist
2017-08-02 09:37:08,301-[HL] ERROR main org.hibernate.tool.hbm2ddl.SchemaUpdate - HHH000388: Unsuccessful: alter table db_newrmov_log.cp_dpric add index FKF8A07AAE62F378DA (R_STATUSCHANGE_ID), add constraint FKF8A07AAE62F378DA foreign key (R_STATUSCHANGE_ID) references db_newrmov_log.t_prjstatuschange (C_ID)
2017-08-02 09:37:08,301-[HL] ERROR main org.hibernate.tool.hbm2ddl.SchemaUpdate - Table 'db_newrmov_log.cp_dpric' doesn't exist
2017-08-02 09:37:08,301-[HL] ERROR main org.hibernate.tool.hbm2ddl.SchemaUpdate - HHH000388: Unsuccessful: alter table db_newrmov_log.cp_dpsic add index FKF8A07E6FA463E7B2 (R_LOG_ID), add constraint FKF8A07E6FA463E7B2 foreign key (R_LOG_ID) references db_newrmov_log.log_hl (C_ID)
2017-08-02 09:37:08,301-[HL] ERROR main org.hibernate.tool.hbm2ddl.SchemaUpdate - Table 'db_newrmov_log.cp_dpsic' doesn't exist
2017-08-02 09:37:08,301-[HL] ERROR main org.hibernate.tool.hbm2ddl.SchemaUpdate - HHH000388: Unsuccessful: alter table db_newrmov_log.cp_ehc add index FKAF46C54EA463E7B2 (R_LOG_ID), add constraint FKAF46C54EA463E7B2 foreign key (R_LOG_ID) references db_newrmov_log.log_hl (C_ID)
2017-08-02 09:37:08,301-[HL] ERROR main org.hibernate.tool.hbm2ddl.SchemaUpdate - Table 'db_newrmov_log.cp_ehc' doesn't exist
2017-08-02 09:37:08,301-[HL] ERROR main org.hibernate.tool.hbm2ddl.SchemaUpdate - HHH000388: Unsuccessful: alter table db_newrmov_log.cp_maic add index FK39956E40A463E7B2 (R_LOG_ID), add constraint FK39956E40A463E7B2 foreign key (R_LOG_ID) references db_newrmov_log.log_hl (C_ID)
2017-08-02 09:37:08,301-[HL] ERROR main org.hibernate.tool.hbm2ddl.SchemaUpdate - Table 'db_newrmov_log.cp_maic' doesn't exist
2017-08-02 09:37:08,301-[HL] ERROR main org.hibernate.tool.hbm2ddl.SchemaUpdate - HHH000388: Unsuccessful: alter table db_newrmov_log.cp_maq add index FKAF46E28BA463E7B2 (R_LOG_ID), add constraint FKAF46E28BA463E7B2 foreign key (R_LOG_ID) references db_newrmov_log.log_hl (C_ID)
2017-08-02 09:37:08,301-[HL] ERROR main org.hibernate.tool.hbm2ddl.SchemaUpdate - Table 'db_newrmov_log.cp_maq' doesn't exist
2017-08-02 09:37:08,301-[HL] ERROR main org.hibernate.tool.hbm2ddl.SchemaUpdate - HHH000388: Unsuccessful: alter table db_newrmov_log.cp_nrsc add index FK399623A6A463E7B2 (R_LOG_ID), add constraint FK399623A6A463E7B2 foreign key (R_LOG_ID) references db_newrmov_log.log_hl (C_ID)
2017-08-02 09:37:08,301-[HL] ERROR main org.hibernate.tool.hbm2ddl.SchemaUpdate - Table 'db_newrmov_log.cp_nrsc' doesn't exist
2017-08-02 09:37:08,301-[HL] ERROR main org.hibernate.tool.hbm2ddl.SchemaUpdate - HHH000388: Unsuccessful: alter table db_newrmov_log.cp_nrsc add index FK399623A6AC759FB6 (T_RP), add constraint FK399623A6AC759FB6 foreign key (T_RP) references db_newrmov_log.t_place (C_ID)
2017-08-02 09:37:08,301-[HL] ERROR main org.hibernate.tool.hbm2ddl.SchemaUpdate - Table 'db_newrmov_log.cp_nrsc' doesn't exist
2017-08-02 09:37:08,301-[HL] ERROR main org.hibernate.tool.hbm2ddl.SchemaUpdate - HHH000388: Unsuccessful: alter table db_newrmov_log.cp_nrsc add index FK399623A6AC752B57 (S_RP), add constraint FK399623A6AC752B57 foreign key (S_RP) references db_newrmov_log.t_place (C_ID)
2017-08-02 09:37:08,301-[HL] ERROR main org.hibernate.tool.hbm2ddl.SchemaUpdate - Table 'db_newrmov_log.cp_nrsc' doesn't exist
2017-08-02 09:37:08,301-[HL] ERROR main org.hibernate.tool.hbm2ddl.SchemaUpdate - HHH000388: Unsuccessful: alter table db_newrmov_log.cp_nrsc add index FK399623A6D948D00D (T_AR), add constraint FK399623A6D948D00D foreign key (T_AR) references db_newrmov_log.t_adminrural (C_ID)
2017-08-02 09:37:08,301-[HL] ERROR main org.hibernate.tool.hbm2ddl.SchemaUpdate - Table 'db_newrmov_log.cp_nrsc' doesn't exist
2017-08-02 09:37:08,301-[HL] ERROR main org.hibernate.tool.hbm2ddl.SchemaUpdate - HHH000388: Unsuccessful: alter table db_newrmov_log.cp_nrsc add index FK399623A6D9485BAE (S_AR), add constraint FK399623A6D9485BAE foreign key (S_AR) references db_newrmov_log.t_adminrural (C_ID)
2017-08-02 09:37:08,301-[HL] ERROR main org.hibernate.tool.hbm2ddl.SchemaUpdate - Table 'db_newrmov_log.cp_nrsc' doesn't exist
2017-08-02 09:37:08,301-[HL] ERROR main org.hibernate.tool.hbm2ddl.SchemaUpdate - HHH000388: Unsuccessful: alter table db_newrmov_log.cp_pmc add index FKAF46EF34A463E7B2 (R_LOG_ID), add constraint FKAF46EF34A463E7B2 foreign key (R_LOG_ID) references db_newrmov_log.log_hl (C_ID)
2017-08-02 09:37:08,301-[HL] ERROR main org.hibernate.tool.hbm2ddl.SchemaUpdate - Table 'db_newrmov_log.cp_pmc' doesn't exist
2017-08-02 09:37:08,301-[HL] ERROR main org.hibernate.tool.hbm2ddl.SchemaUpdate - HHH000388: Unsuccessful: alter table db_newrmov_log.cp_prc add index FKAF46EFCFA463E7B2 (R_LOG_ID), add constraint FKAF46EFCFA463E7B2 foreign key (R_LOG_ID) references db_newrmov_log.log_hl (C_ID)
2017-08-02 09:37:08,301-[HL] ERROR main org.hibernate.tool.hbm2ddl.SchemaUpdate - Table 'db_newrmov_log.cp_prc' doesn't exist
2017-08-02 09:37:08,301-[HL] ERROR main org.hibernate.tool.hbm2ddl.SchemaUpdate - HHH000388: Unsuccessful: alter table db_newrmov_log.cp_prc add index FKAF46EFCF25DA581B (R_MODELAREA_ID), add constraint FKAF46EFCF25DA581B foreign key (R_MODELAREA_ID) references db_newrmov_log.t_modelarea (C_ID)
2017-08-02 09:37:08,301-[HL] ERROR main org.hibernate.tool.hbm2ddl.SchemaUpdate - Table 'db_newrmov_log.cp_prc' doesn't exist
2017-08-02 09:37:08,317-[HL] ERROR main org.hibernate.tool.hbm2ddl.SchemaUpdate - HHH000388: Unsuccessful: alter table db_newrmov_log.cp_pric add index FK39970B2EA463E7B2 (R_LOG_ID), add constraint FK39970B2EA463E7B2 foreign key (R_LOG_ID) references db_newrmov_log.log_hl (C_ID)
2017-08-02 09:37:08,317-[HL] ERROR main org.hibernate.tool.hbm2ddl.SchemaUpdate - Table 'db_newrmov_log.cp_pric' doesn't exist
2017-08-02 09:37:08,317-[HL] ERROR main org.hibernate.tool.hbm2ddl.SchemaUpdate - HHH000388: Unsuccessful: alter table db_newrmov_log.cp_pro add index FKAF46EFDBA463E7B2 (R_LOG_ID), add constraint FKAF46EFDBA463E7B2 foreign key (R_LOG_ID) references db_newrmov_log.log_hl (C_ID)
2017-08-02 09:37:08,317-[HL] ERROR main org.hibernate.tool.hbm2ddl.SchemaUpdate - Table 'db_newrmov_log.cp_pro' doesn't exist
2017-08-02 09:37:08,317-[HL] ERROR main org.hibernate.tool.hbm2ddl.SchemaUpdate - HHH000388: Unsuccessful: alter table db_newrmov_log.cp_regc add index FK3997C2E1A463E7B2 (R_LOG_ID), add constraint FK3997C2E1A463E7B2 foreign key (R_LOG_ID) references db_newrmov_log.log_hl (C_ID)
2017-08-02 09:37:08,317-[HL] ERROR main org.hibernate.tool.hbm2ddl.SchemaUpdate - Table 'db_newrmov_log.cp_regc' doesn't exist
2017-08-02 09:37:08,317-[HL] ERROR main org.hibernate.tool.hbm2ddl.SchemaUpdate - HHH000388: Unsuccessful: alter table db_newrmov_log.cp_regc add index FK3997C2E1939803F3 (R_ADMINRURAL_ID), add constraint FK3997C2E1939803F3 foreign key (R_ADMINRURAL_ID) references db_newrmov_log.t_adminrural (C_ID)
2017-08-02 09:37:08,317-[HL] ERROR main org.hibernate.tool.hbm2ddl.SchemaUpdate - Table 'db_newrmov_log.cp_regc' doesn't exist
2017-08-02 09:37:08,317-[HL] ERROR main org.hibernate.tool.hbm2ddl.SchemaUpdate - HHH000388: Unsuccessful: alter table db_newrmov_log.cp_regc add index FK3997C2E1D02EB19F (R_NEWRURAL_ID), add constraint FK3997C2E1D02EB19F foreign key (R_NEWRURAL_ID) references db_newrmov_log.t_rural (C_ID)
2017-08-02 09:37:08,317-[HL] ERROR main org.hibernate.tool.hbm2ddl.SchemaUpdate - Table 'db_newrmov_log.cp_regc' doesn't exist
2017-08-02 09:37:08,317-[HL] ERROR main org.hibernate.tool.hbm2ddl.SchemaUpdate - HHH000388: Unsuccessful: alter table db_newrmov_log.cp_ruc add index FKAF46F7AEA463E7B2 (R_LOG_ID), add constraint FKAF46F7AEA463E7B2 foreign key (R_LOG_ID) references db_newrmov_log.log_hl (C_ID)
2017-08-02 09:37:08,317-[HL] ERROR main org.hibernate.tool.hbm2ddl.SchemaUpdate - Table 'db_newrmov_log.cp_ruc' doesn't exist
2017-08-02 09:37:08,317-[HL] ERROR main org.hibernate.tool.hbm2ddl.SchemaUpdate - HHH000388: Unsuccessful: alter table db_newrmov_log.cp_ruc add index FKAF46F7AE939803F3 (R_ADMINRURAL_ID), add constraint FKAF46F7AE939803F3 foreign key (R_ADMINRURAL_ID) references db_newrmov_log.t_adminrural (C_ID)
2017-08-02 09:37:08,317-[HL] ERROR main org.hibernate.tool.hbm2ddl.SchemaUpdate - Table 'db_newrmov_log.cp_ruc' doesn't exist
2017-08-02 09:37:08,317-[HL] ERROR main org.hibernate.tool.hbm2ddl.SchemaUpdate - HHH000388: Unsuccessful: alter table db_newrmov_log.cp_ruc add index FKAF46F7AED02EB19F (R_NEWRURAL_ID), add constraint FKAF46F7AED02EB19F foreign key (R_NEWRURAL_ID) references db_newrmov_log.t_rural (C_ID)
2017-08-02 09:37:08,317-[HL] ERROR main org.hibernate.tool.hbm2ddl.SchemaUpdate - Table 'db_newrmov_log.cp_ruc' doesn't exist
2017-08-02 09:37:08,317-[HL] ERROR main org.hibernate.tool.hbm2ddl.SchemaUpdate - HHH000388: Unsuccessful: alter table db_newrmov_log.cp_rwgc add index FK39980673A463E7B2 (R_LOG_ID), add constraint FK39980673A463E7B2 foreign key (R_LOG_ID) references db_newrmov_log.log_hl (C_ID)
2017-08-02 09:37:08,317-[HL] ERROR main org.hibernate.tool.hbm2ddl.SchemaUpdate - Table 'db_newrmov_log.cp_rwgc' doesn't exist
2017-08-02 09:37:08,317-[HL] ERROR main org.hibernate.tool.hbm2ddl.SchemaUpdate - HHH000388: Unsuccessful: alter table db_newrmov_log.cp_rwgc add index FK39980673939803F3 (R_ADMINRURAL_ID), add constraint FK39980673939803F3 foreign key (R_ADMINRURAL_ID) references db_newrmov_log.t_adminrural (C_ID)
2017-08-02 09:37:08,317-[HL] ERROR main org.hibernate.tool.hbm2ddl.SchemaUpdate - Table 'db_newrmov_log.cp_rwgc' doesn't exist
2017-08-02 09:37:08,317-[HL] ERROR main org.hibernate.tool.hbm2ddl.SchemaUpdate - HHH000388: Unsuccessful: alter table db_newrmov_log.cp_rwgc add index FK39980673D02EB19F (R_NEWRURAL_ID), add constraint FK39980673D02EB19F foreign key (R_NEWRURAL_ID) references db_newrmov_log.t_rural (C_ID)
2017-08-02 09:37:08,317-[HL] ERROR main org.hibernate.tool.hbm2ddl.SchemaUpdate - Table 'db_newrmov_log.cp_rwgc' doesn't exist
2017-08-02 09:37:08,317-[HL] ERROR main org.hibernate.tool.hbm2ddl.SchemaUpdate - HHH000388: Unsuccessful: alter table db_newrmov_log.cp_ss add index FK5A77372A463E7B2 (R_LOG_ID), add constraint FK5A77372A463E7B2 foreign key (R_LOG_ID) references db_newrmov_log.log_hl (C_ID)
2017-08-02 09:37:08,317-[HL] ERROR main org.hibernate.tool.hbm2ddl.SchemaUpdate - Table 'db_newrmov_log.cp_ss' doesn't exist
2017-08-02 09:37:08,567-[HL] ERROR main org.hibernate.tool.hbm2ddl.SchemaUpdate - HHH000388: Unsuccessful: alter table t_pritem add index FK790F0A40D87BED4E (R_REPORT_ID), add constraint FK790F0A40D87BED4E foreign key (R_REPORT_ID) references db_newrmov_log.cp_prc (C_ID)
2017-08-02 09:37:08,567-[HL] ERROR main org.hibernate.tool.hbm2ddl.SchemaUpdate - Cannot add foreign key constraint
